
Showing logs for build [32mcb-kubecd-environment-pr-205-13-t8fxx-1[0m stage [32mfrom-build-pack[0m and container [32mstep-credential-initializer-mrlls[0m
{"level":"info","ts":1587202160.9224162,"logger":"fallback-logger","caller":"logging/config.go:69","msg":"Fetch GitHub commit ID from kodata failed: open /var/run/ko/refs/heads/0.8.0-ns-support: no such file or directory"}
{"level":"info","ts":1587202160.9240925,"logger":"fallback-logger","caller":"creds-init/main.go:40","msg":"Credentials initialized."}

Showing logs for build [32mcb-kubecd-environment-pr-205-13-t8fxx-1[0m stage [32mfrom-build-pack[0m and container [32mstep-working-dir-initializer-cxgxv[0m
{"level":"info","ts":1587202161.4540055,"logger":"fallback-logger","caller":"logging/config.go:69","msg":"Fetch GitHub commit ID from kodata failed: open /var/run/ko/HEAD: no such file or directory"}
{"level":"info","ts":1587202161.4555466,"logger":"fallback-logger","caller":"bash/main.go:64","msg":"Successfully executed command \"sh -c mkdir -p /workspace/source\"; output "}

Showing logs for build [32mcb-kubecd-environment-pr-205-13-t8fxx-1[0m stage [32mfrom-build-pack[0m and container [32mstep-place-tools[0m

Showing logs for build [32mcb-kubecd-environment-pr-205-13-t8fxx-1[0m stage [32mfrom-build-pack[0m and container [32mstep-git-source-cb-kubecd-environment-pr-205-13-t8fxx-qv8jr[0m
{"level":"info","ts":1587202166.63923,"logger":"fallback-logger","caller":"logging/config.go:69","msg":"Fetch GitHub commit ID from kodata failed: open /var/run/ko/refs/heads/0.8.0-ns-support: no such file or directory"}
{"level":"info","ts":1587202167.6835608,"logger":"fallback-logger","caller":"git/git.go:103","msg":"Successfully cloned https://github.com/cb-kubecd/environment-pr-205-13-boot-gke-staging.git @ master in path /workspace/source"}

Showing logs for build [32mcb-kubecd-environment-pr-205-13-t8fxx-1[0m stage [32mfrom-build-pack[0m and container [32mstep-git-merge[0m
Using SHAs from PULL_REFS=master:4f1c5cb02597717fdb16fd4d5da0370e752bdceb,5:d02df587cfc9963d9874a2ad13b578749e93a44c
DEBUG: LC_ALL=C JX_LOG_LEVEL=error git fetch origin --unshallow d02df587cfc9963d9874a2ad13b578749e93a44c: 4f1c5cb02597717fdb16fd4d5da0370e752bdceb:
DEBUG: ran git fetch --unshallow origin d02df587cfc9963d9874a2ad13b578749e93a44c: 4f1c5cb02597717fdb16fd4d5da0370e752bdceb: in 
DEBUG: LC_ALL=C JX_LOG_LEVEL=error git branch
DEBUG: LC_ALL=C JX_LOG_LEVEL=error git checkout master
DEBUG: ran git checkout master in 
DEBUG: LC_ALL=C JX_LOG_LEVEL=error git reset --hard 4f1c5cb02597717fdb16fd4d5da0370e752bdceb
DEBUG: ran git reset --hard 4f1c5cb02597717fdb16fd4d5da0370e752bdceb in 
DEBUG: JX_LOG_LEVEL=error LC_ALL=C git clean -fd .
DEBUG: ran clean --force -d . in 
DEBUG: LC_ALL=C JX_LOG_LEVEL=error git merge d02df587cfc9963d9874a2ad13b578749e93a44c
DEBUG: ran git merge d02df587cfc9963d9874a2ad13b578749e93a44c in 
DEBUG: LC_ALL=C JX_LOG_LEVEL=error git log --format=%H%x1f%an%x1f%ae%x1f%cn%x1f%ce%x1f%s%n%b%x1e 4f1c5cb02597717fdb16fd4d5da0370e752bdceb..HEAD
Merged SHA d02df587cfc9963d9874a2ad13b578749e93a44c with commit message 'chore: Promote bdd-nh-import-1587201976 to version 0.0.1' into base branch master

Showing logs for build [32mcb-kubecd-environment-pr-205-13-t8fxx-1[0m stage [32mfrom-build-pack[0m and container [32mstep-build-helm-build[0m
WARNING: No $CHART_REPOSITORY defined so using the default value of: http://jenkins-x-chartmuseum:8080
Adding missing Helm repo: storage.googleapis.com https://storage.googleapis.com/chartmuseum.jenkins-x.io
WARNING: No secrets found on "helm/repos" due: reading the secret "helm/repos" from vault: no secret "helm/repos" not found in vault
Read credentials for https://storage.googleapis.com/chartmuseum.jenkins-x.io from vault helm/repos
Successfully added Helm repository storage.googleapis.com.
Adding missing Helm repo: jenkins-x-chartmuseum http://jenkins-x-chartmuseum:8080
WARNING: No secrets found on "helm/repos" due: reading the secret "helm/repos" from vault: no secret "helm/repos" not found in vault
Read credentials for http://jenkins-x-chartmuseum:8080 from vault helm/repos
Successfully added Helm repository jenkins-x-chartmuseum.
WARNING: No $CHART_REPOSITORY defined so using the default value of: http://jenkins-x-chartmuseum:8080
Adding missing Helm repo: chartmuseum.jenkins-x.io http://chartmuseum.jenkins-x.io
WARNING: No secrets found on "helm/repos" due: reading the secret "helm/repos" from vault: no secret "helm/repos" not found in vault
Read credentials for http://chartmuseum.jenkins-x.io from vault helm/repos
Successfully added Helm repository chartmuseum.jenkins-x.io.
