
Showing logs for build [32mcb-kubecd-environment-pr-205-13-gzrmk-1[0m stage [32mfrom-build-pack[0m and container [32mstep-credential-initializer-cs69b[0m
{"level":"info","ts":1587203762.1520903,"logger":"fallback-logger","caller":"logging/config.go:69","msg":"Fetch GitHub commit ID from kodata failed: open /var/run/ko/refs/heads/0.8.0-ns-support: no such file or directory"}
{"level":"info","ts":1587203762.153182,"logger":"fallback-logger","caller":"creds-init/main.go:40","msg":"Credentials initialized."}

Showing logs for build [32mcb-kubecd-environment-pr-205-13-gzrmk-1[0m stage [32mfrom-build-pack[0m and container [32mstep-working-dir-initializer-jp7d9[0m
{"level":"info","ts":1587203763.2396808,"logger":"fallback-logger","caller":"logging/config.go:69","msg":"Fetch GitHub commit ID from kodata failed: open /var/run/ko/HEAD: no such file or directory"}
{"level":"info","ts":1587203763.2425568,"logger":"fallback-logger","caller":"bash/main.go:64","msg":"Successfully executed command \"sh -c mkdir -p /workspace/source\"; output "}

Showing logs for build [32mcb-kubecd-environment-pr-205-13-gzrmk-1[0m stage [32mfrom-build-pack[0m and container [32mstep-place-tools[0m

Showing logs for build [32mcb-kubecd-environment-pr-205-13-gzrmk-1[0m stage [32mfrom-build-pack[0m and container [32mstep-git-source-cb-kubecd-environment-pr-205-13-gzrmk-wlm2l[0m
{"level":"info","ts":1587203768.5092242,"logger":"fallback-logger","caller":"logging/config.go:69","msg":"Fetch GitHub commit ID from kodata failed: open /var/run/ko/refs/heads/0.8.0-ns-support: no such file or directory"}
{"level":"info","ts":1587203769.5992715,"logger":"fallback-logger","caller":"git/git.go:103","msg":"Successfully cloned https://github.com/cb-kubecd/environment-pr-205-13-boot-gke-staging.git @ master in path /workspace/source"}

Showing logs for build [32mcb-kubecd-environment-pr-205-13-gzrmk-1[0m stage [32mfrom-build-pack[0m and container [32mstep-git-merge[0m
Using SHAs from PULL_REFS=master:135f3d3ff00ebd2821828babdf757d68e3579ebe,8:ecb1fbb0be4589f99a7605ed2eb727916dd2b3d6
DEBUG: LC_ALL=C JX_LOG_LEVEL=error git fetch origin --unshallow ecb1fbb0be4589f99a7605ed2eb727916dd2b3d6: 135f3d3ff00ebd2821828babdf757d68e3579ebe:
DEBUG: ran git fetch --unshallow origin ecb1fbb0be4589f99a7605ed2eb727916dd2b3d6: 135f3d3ff00ebd2821828babdf757d68e3579ebe: in 
DEBUG: LC_ALL=C JX_LOG_LEVEL=error git branch
DEBUG: LC_ALL=C JX_LOG_LEVEL=error git checkout master
DEBUG: ran git checkout master in 
DEBUG: LC_ALL=C JX_LOG_LEVEL=error git reset --hard 135f3d3ff00ebd2821828babdf757d68e3579ebe
DEBUG: ran git reset --hard 135f3d3ff00ebd2821828babdf757d68e3579ebe in 
DEBUG: LC_ALL=C JX_LOG_LEVEL=error git clean -fd .
DEBUG: ran clean --force -d . in 
DEBUG: LC_ALL=C JX_LOG_LEVEL=error git merge ecb1fbb0be4589f99a7605ed2eb727916dd2b3d6
DEBUG: ran git merge ecb1fbb0be4589f99a7605ed2eb727916dd2b3d6 in 
DEBUG: LC_ALL=C JX_LOG_LEVEL=error git log --format=%H%x1f%an%x1f%ae%x1f%cn%x1f%ce%x1f%s%n%b%x1e 135f3d3ff00ebd2821828babdf757d68e3579ebe..HEAD
Merged SHA ecb1fbb0be4589f99a7605ed2eb727916dd2b3d6 with commit message 'chore: Promote bdd-sbrp-import-1587201976 to version 0.0.1' into base branch master

Showing logs for build [32mcb-kubecd-environment-pr-205-13-gzrmk-1[0m stage [32mfrom-build-pack[0m and container [32mstep-build-helm-build[0m
WARNING: No $CHART_REPOSITORY defined so using the default value of: http://jenkins-x-chartmuseum:8080
Adding missing Helm repo: storage.googleapis.com https://storage.googleapis.com/chartmuseum.jenkins-x.io
WARNING: No secrets found on "helm/repos" due: reading the secret "helm/repos" from vault: no secret "helm/repos" not found in vault
Read credentials for https://storage.googleapis.com/chartmuseum.jenkins-x.io from vault helm/repos
Successfully added Helm repository storage.googleapis.com.
Adding missing Helm repo: jenkins-x-chartmuseum http://jenkins-x-chartmuseum:8080
WARNING: No secrets found on "helm/repos" due: reading the secret "helm/repos" from vault: no secret "helm/repos" not found in vault
Read credentials for http://jenkins-x-chartmuseum:8080 from vault helm/repos
Successfully added Helm repository jenkins-x-chartmuseum.
WARNING: No $CHART_REPOSITORY defined so using the default value of: http://jenkins-x-chartmuseum:8080
Adding missing Helm repo: chartmuseum.jenkins-x.io http://chartmuseum.jenkins-x.io
WARNING: No secrets found on "helm/repos" due: reading the secret "helm/repos" from vault: no secret "helm/repos" not found in vault
Read credentials for http://chartmuseum.jenkins-x.io from vault helm/repos
Successfully added Helm repository chartmuseum.jenkins-x.io.
