
Showing logs for build [32mcb-kubecd-environment-pr-205-13-7bq64-1[0m stage [32mfrom-build-pack[0m and container [32mstep-credential-initializer-tsdm2[0m
{"level":"info","ts":1587199987.4871483,"logger":"fallback-logger","caller":"logging/config.go:69","msg":"Fetch GitHub commit ID from kodata failed: open /var/run/ko/refs/heads/0.8.0-ns-support: no such file or directory"}
{"level":"info","ts":1587199987.4876847,"logger":"fallback-logger","caller":"creds-init/main.go:40","msg":"Credentials initialized."}

Showing logs for build [32mcb-kubecd-environment-pr-205-13-7bq64-1[0m stage [32mfrom-build-pack[0m and container [32mstep-working-dir-initializer-qfccc[0m
{"level":"info","ts":1587199988.696258,"logger":"fallback-logger","caller":"logging/config.go:69","msg":"Fetch GitHub commit ID from kodata failed: open /var/run/ko/HEAD: no such file or directory"}
{"level":"info","ts":1587199988.7076142,"logger":"fallback-logger","caller":"bash/main.go:64","msg":"Successfully executed command \"sh -c mkdir -p /workspace/source\"; output "}

Showing logs for build [32mcb-kubecd-environment-pr-205-13-7bq64-1[0m stage [32mfrom-build-pack[0m and container [32mstep-place-tools[0m

Showing logs for build [32mcb-kubecd-environment-pr-205-13-7bq64-1[0m stage [32mfrom-build-pack[0m and container [32mstep-git-source-cb-kubecd-environment-pr-205-13-7bq64-d679z[0m
{"level":"info","ts":1587199991.688379,"logger":"fallback-logger","caller":"logging/config.go:69","msg":"Fetch GitHub commit ID from kodata failed: open /var/run/ko/refs/heads/0.8.0-ns-support: no such file or directory"}
{"level":"info","ts":1587199992.766763,"logger":"fallback-logger","caller":"git/git.go:103","msg":"Successfully cloned https://github.com/cb-kubecd/environment-pr-205-13-boot-gke-staging.git @ master in path /workspace/source"}

Showing logs for build [32mcb-kubecd-environment-pr-205-13-7bq64-1[0m stage [32mfrom-build-pack[0m and container [32mstep-git-merge[0m
Using SHAs from PULL_REFS=master:7bdcb559634f52197d6dd57052b59cb23fda058e,2:d277d43bf04a871360e1e4b5f685a508a3dd4266
DEBUG: LC_ALL=C JX_LOG_LEVEL=error git fetch origin --unshallow d277d43bf04a871360e1e4b5f685a508a3dd4266: 7bdcb559634f52197d6dd57052b59cb23fda058e:
DEBUG: ran git fetch --unshallow origin d277d43bf04a871360e1e4b5f685a508a3dd4266: 7bdcb559634f52197d6dd57052b59cb23fda058e: in 
DEBUG: LC_ALL=C JX_LOG_LEVEL=error git branch
DEBUG: LC_ALL=C JX_LOG_LEVEL=error git checkout master
DEBUG: ran git checkout master in 
DEBUG: LC_ALL=C JX_LOG_LEVEL=error git reset --hard 7bdcb559634f52197d6dd57052b59cb23fda058e
DEBUG: ran git reset --hard 7bdcb559634f52197d6dd57052b59cb23fda058e in 
DEBUG: LC_ALL=C JX_LOG_LEVEL=error git clean -fd .
DEBUG: ran clean --force -d . in 
DEBUG: LC_ALL=C JX_LOG_LEVEL=error git merge d277d43bf04a871360e1e4b5f685a508a3dd4266
DEBUG: ran git merge d277d43bf04a871360e1e4b5f685a508a3dd4266 in 
DEBUG: LC_ALL=C JX_LOG_LEVEL=error git log --format=%H%x1f%an%x1f%ae%x1f%cn%x1f%ce%x1f%s%n%b%x1e 7bdcb559634f52197d6dd57052b59cb23fda058e..HEAD
Merged SHA d277d43bf04a871360e1e4b5f685a508a3dd4266 with commit message 'chore: Promote bdd-sbhg-1587199552 to version 0.0.1' into base branch master

Showing logs for build [32mcb-kubecd-environment-pr-205-13-7bq64-1[0m stage [32mfrom-build-pack[0m and container [32mstep-build-helm-build[0m
WARNING: No $CHART_REPOSITORY defined so using the default value of: http://jenkins-x-chartmuseum:8080
Adding missing Helm repo: storage.googleapis.com https://storage.googleapis.com/chartmuseum.jenkins-x.io
WARNING: No secrets found on "helm/repos" due: reading the secret "helm/repos" from vault: no secret "helm/repos" not found in vault
Read credentials for https://storage.googleapis.com/chartmuseum.jenkins-x.io from vault helm/repos
Successfully added Helm repository storage.googleapis.com.
Adding missing Helm repo: jenkins-x-chartmuseum http://jenkins-x-chartmuseum:8080
WARNING: No secrets found on "helm/repos" due: reading the secret "helm/repos" from vault: no secret "helm/repos" not found in vault
Read credentials for http://jenkins-x-chartmuseum:8080 from vault helm/repos
Successfully added Helm repository jenkins-x-chartmuseum.
WARNING: No $CHART_REPOSITORY defined so using the default value of: http://jenkins-x-chartmuseum:8080
Adding missing Helm repo: chartmuseum.jenkins-x.io http://chartmuseum.jenkins-x.io
WARNING: No secrets found on "helm/repos" due: reading the secret "helm/repos" from vault: no secret "helm/repos" not found in vault
Read credentials for http://chartmuseum.jenkins-x.io from vault helm/repos
Successfully added Helm repository chartmuseum.jenkins-x.io.
