
Showing logs for build [32mcb-kubecd-environment-pr-205-13-6njqt-1[0m stage [32mfrom-build-pack[0m and container [32mstep-credential-initializer-4dm45[0m
{"level":"info","ts":1587201477.2775445,"logger":"fallback-logger","caller":"logging/config.go:69","msg":"Fetch GitHub commit ID from kodata failed: open /var/run/ko/refs/heads/0.8.0-ns-support: no such file or directory"}
{"level":"info","ts":1587201477.2781136,"logger":"fallback-logger","caller":"creds-init/main.go:40","msg":"Credentials initialized."}

Showing logs for build [32mcb-kubecd-environment-pr-205-13-6njqt-1[0m stage [32mfrom-build-pack[0m and container [32mstep-working-dir-initializer-4pcjp[0m
{"level":"info","ts":1587201478.0136878,"logger":"fallback-logger","caller":"logging/config.go:69","msg":"Fetch GitHub commit ID from kodata failed: open /var/run/ko/HEAD: no such file or directory"}
{"level":"info","ts":1587201478.0155714,"logger":"fallback-logger","caller":"bash/main.go:64","msg":"Successfully executed command \"sh -c mkdir -p /workspace/source\"; output "}

Showing logs for build [32mcb-kubecd-environment-pr-205-13-6njqt-1[0m stage [32mfrom-build-pack[0m and container [32mstep-place-tools[0m

Showing logs for build [32mcb-kubecd-environment-pr-205-13-6njqt-1[0m stage [32mfrom-build-pack[0m and container [32mstep-git-source-cb-kubecd-environment-pr-205-13-6njqt-ntf6s[0m
{"level":"info","ts":1587201483.198484,"logger":"fallback-logger","caller":"logging/config.go:69","msg":"Fetch GitHub commit ID from kodata failed: open /var/run/ko/refs/heads/0.8.0-ns-support: no such file or directory"}
{"level":"info","ts":1587201484.2408404,"logger":"fallback-logger","caller":"git/git.go:103","msg":"Successfully cloned https://github.com/cb-kubecd/environment-pr-205-13-boot-gke-staging.git @ master in path /workspace/source"}

Showing logs for build [32mcb-kubecd-environment-pr-205-13-6njqt-1[0m stage [32mfrom-build-pack[0m and container [32mstep-git-merge[0m
Using SHAs from PULL_REFS=master:f9cd405be0e43f4b3bd1372f3cde76f8a797386b,4:534a3c968f24fa67dd796e2410a19d6e69596c93
DEBUG: LC_ALL=C JX_LOG_LEVEL=error git fetch origin --unshallow 534a3c968f24fa67dd796e2410a19d6e69596c93: f9cd405be0e43f4b3bd1372f3cde76f8a797386b:
DEBUG: ran git fetch --unshallow origin 534a3c968f24fa67dd796e2410a19d6e69596c93: f9cd405be0e43f4b3bd1372f3cde76f8a797386b: in 
DEBUG: LC_ALL=C JX_LOG_LEVEL=error git branch
DEBUG: LC_ALL=C JX_LOG_LEVEL=error git checkout master
DEBUG: ran git checkout master in 
DEBUG: LC_ALL=C JX_LOG_LEVEL=error git reset --hard f9cd405be0e43f4b3bd1372f3cde76f8a797386b
DEBUG: ran git reset --hard f9cd405be0e43f4b3bd1372f3cde76f8a797386b in 
DEBUG: LC_ALL=C JX_LOG_LEVEL=error git clean -fd .
DEBUG: ran clean --force -d . in 
DEBUG: LC_ALL=C JX_LOG_LEVEL=error git merge 534a3c968f24fa67dd796e2410a19d6e69596c93
DEBUG: ran git merge 534a3c968f24fa67dd796e2410a19d6e69596c93 in 
DEBUG: LC_ALL=C JX_LOG_LEVEL=error git log --format=%H%x1f%an%x1f%ae%x1f%cn%x1f%ce%x1f%s%n%b%x1e f9cd405be0e43f4b3bd1372f3cde76f8a797386b..HEAD
Merged SHA 534a3c968f24fa67dd796e2410a19d6e69596c93 with commit message 'chore: Promote bdd-nh-1587199552 to version 0.0.1' into base branch master

Showing logs for build [32mcb-kubecd-environment-pr-205-13-6njqt-1[0m stage [32mfrom-build-pack[0m and container [32mstep-build-helm-build[0m
WARNING: No $CHART_REPOSITORY defined so using the default value of: http://jenkins-x-chartmuseum:8080
Adding missing Helm repo: storage.googleapis.com https://storage.googleapis.com/chartmuseum.jenkins-x.io
WARNING: No secrets found on "helm/repos" due: reading the secret "helm/repos" from vault: no secret "helm/repos" not found in vault
Read credentials for https://storage.googleapis.com/chartmuseum.jenkins-x.io from vault helm/repos
Successfully added Helm repository storage.googleapis.com.
Adding missing Helm repo: jenkins-x-chartmuseum http://jenkins-x-chartmuseum:8080
WARNING: No secrets found on "helm/repos" due: reading the secret "helm/repos" from vault: no secret "helm/repos" not found in vault
Read credentials for http://jenkins-x-chartmuseum:8080 from vault helm/repos
Successfully added Helm repository jenkins-x-chartmuseum.
WARNING: No $CHART_REPOSITORY defined so using the default value of: http://jenkins-x-chartmuseum:8080
Adding missing Helm repo: chartmuseum.jenkins-x.io http://chartmuseum.jenkins-x.io
WARNING: No secrets found on "helm/repos" due: reading the secret "helm/repos" from vault: no secret "helm/repos" not found in vault
Read credentials for http://chartmuseum.jenkins-x.io from vault helm/repos
Successfully added Helm repository chartmuseum.jenkins-x.io.
